Iniciando actualización (1 páginas)...
Procesando página 1...
✓ Página 1 completada
✓ Completado! 250 criptos procesadas
Iniciando actualización (4 páginas)...
✓ Completado! 1000 criptos procesadas
Iniciando actualización (4 páginas)...
✓ Completado! 1000 criptos procesadas
Iniciando actualización (4 páginas)...
✓ Completado! 1000 criptos procesadas
Iniciando actualización (4 páginas)...
✓ Completado! 1000 criptos procesadas
Iniciando actualización (4 páginas)...
✓ Completado! 1000 criptos procesadas
Iniciando actualización (4 páginas)...
✓ Completado! 1000 criptos procesadas
Iniciando actualización (4 páginas)...
✓ Completado! 1000 criptos procesadas
Iniciando actualización (4 páginas)...
✓ Completado! 1000 criptos procesadas
Iniciando actualización (4 páginas)...
✓ Completado! 1000 criptos procesadas
Iniciando actualización (4 páginas)...
✓ Completado! 1000 criptos procesadas
Iniciando actualización (4 páginas)...
✓ Completado! 1000 criptos procesadas
Iniciando actualización (4 páginas)...
✓ Completado! 1000 criptos procesadas
Iniciando actualización (4 páginas)...
✓ Completado! 1000 criptos procesadas
Iniciando actualización (4 páginas)...
✓ Completado! 1000 criptos procesadas
Iniciando actualización (4 páginas)...
✓ Completado! 1000 criptos procesadas
Iniciando actualización (4 páginas)...
✓ Completado! 1000 criptos procesadas
Iniciando actualización (4 páginas)...
✓ Completado! 1000 criptos procesadas
Iniciando actualización (4 páginas)...
✓ Completado! 1000 criptos procesadas
Iniciando actualización (4 páginas)...
✓ Completado! 1000 criptos procesadas
Iniciando actualización (4 páginas)...
✓ Completado! 1000 criptos procesadas
Iniciando actualización (4 páginas)...
✓ Completado! 1000 criptos procesadas
Iniciando actualización (4 páginas)...
Error de conexión en página 4: 429 Client Error: Too Many Requests for url: https://api.coingecko.com/api/v3/coins/markets?vs_currency=usd&order=market_cap_desc&per_page=250&page=4&sparkline=false
✓ Completado! 750 criptos procesadas
Iniciando actualización (4 páginas)...
Error de conexión en página 1: 429 Client Error: Too Many Requests for url: https://api.coingecko.com/api/v3/coins/markets?vs_currency=usd&order=market_cap_desc&per_page=250&page=1&sparkline=false
Error de conexión en página 2: 429 Client Error: Too Many Requests for url: https://api.coingecko.com/api/v3/coins/markets?vs_currency=usd&order=market_cap_desc&per_page=250&page=2&sparkline=false
Error de conexión en página 3: 429 Client Error: Too Many Requests for url: https://api.coingecko.com/api/v3/coins/markets?vs_currency=usd&order=market_cap_desc&per_page=250&page=3&sparkline=false
Error de conexión en página 4: 429 Client Error: Too Many Requests for url: https://api.coingecko.com/api/v3/coins/markets?vs_currency=usd&order=market_cap_desc&per_page=250&page=4&sparkline=false
✓ Completado! 0 criptos procesadas
Iniciando actualización (4 páginas)...
✓ Completado! 1000 criptos procesadas
Iniciando actualización (4 páginas)...
Error de conexión en página 4: 429 Client Error: Too Many Requests for url: https://api.coingecko.com/api/v3/coins/markets?vs_currency=usd&order=market_cap_desc&per_page=250&page=4&sparkline=false
✓ Completado! 750 criptos procesadas
Iniciando actualización (4 páginas)...
Error de conexión en página 1: 429 Client Error: Too Many Requests for url: https://api.coingecko.com/api/v3/coins/markets?vs_currency=usd&order=market_cap_desc&per_page=250&page=1&sparkline=false
Error de conexión en página 2: 429 Client Error: Too Many Requests for url: https://api.coingecko.com/api/v3/coins/markets?vs_currency=usd&order=market_cap_desc&per_page=250&page=2&sparkline=false
Error de conexión en página 3: 429 Client Error: Too Many Requests for url: https://api.coingecko.com/api/v3/coins/markets?vs_currency=usd&order=market_cap_desc&per_page=250&page=3&sparkline=false
✓ Completado! 250 criptos procesadas
Iniciando actualización (4 páginas)...
✓ Completado! 1000 criptos procesadas
Iniciando actualización (4 páginas)...
Error de conexión en página 4: 429 Client Error: Too Many Requests for url: https://api.coingecko.com/api/v3/coins/markets?vs_currency=usd&order=market_cap_desc&per_page=250&page=4&sparkline=false
✓ Completado! 750 criptos procesadas
Iniciando actualización (4 páginas)...
Error de conexión en página 1: 429 Client Error: Too Many Requests for url: https://api.coingecko.com/api/v3/coins/markets?vs_currency=usd&order=market_cap_desc&per_page=250&page=1&sparkline=false
Error de conexión en página 2: 429 Client Error: Too Many Requests for url: https://api.coingecko.com/api/v3/coins/markets?vs_currency=usd&order=market_cap_desc&per_page=250&page=2&sparkline=false
Error de conexión en página 3: 429 Client Error: Too Many Requests for url: https://api.coingecko.com/api/v3/coins/markets?vs_currency=usd&order=market_cap_desc&per_page=250&page=3&sparkline=false
✓ Completado! 250 criptos procesadas
Iniciando actualización (4 páginas)...
✓ Completado! 1000 criptos procesadas
Iniciando actualización (4 páginas)...
✓ Completado! 1000 criptos procesadas
Iniciando actualización (4 páginas)...
✓ Completado! 1000 criptos procesadas
Iniciando actualización (4 páginas)...
✓ Completado! 1000 criptos procesadas
Iniciando actualización (4 páginas)...
✓ Completado! 1000 criptos procesadas
Iniciando actualización (4 páginas)...
✓ Completado! 1000 criptos procesadas
Iniciando actualización (4 páginas)...
✓ Completado! 1000 criptos procesadas
Iniciando actualización (4 páginas)...
✓ Completado! 1000 criptos procesadas
Iniciando actualización (4 páginas)...
✓ Completado! 1000 criptos procesadas
Iniciando actualización (4 páginas)...
✓ Completado! 1000 criptos procesadas
Iniciando actualización (4 páginas)...
✓ Completado! 1000 criptos procesadas
Iniciando actualización (4 páginas)...
✓ Completado! 1000 criptos procesadas
Iniciando actualización (4 páginas)...
✓ Completado! 1000 criptos procesadas
Iniciando actualización (4 páginas)...
✓ Completado! 1000 criptos procesadas
Iniciando actualización (4 páginas)...
✓ Completado! 1000 criptos procesadas
Iniciando actualización (4 páginas)...
✓ Completado! 1000 criptos procesadas
Iniciando actualización (4 páginas)...
✓ Completado! 1000 criptos procesadas
Iniciando actualización (4 páginas)...
✓ Completado! 1000 criptos procesadas
Iniciando actualización (4 páginas)...
✓ Completado! 1000 criptos procesadas
Iniciando actualización (4 páginas)...
✓ Completado! 1000 criptos procesadas
Iniciando actualización (4 páginas)...
✓ Completado! 1000 criptos procesadas
Iniciando actualización (4 páginas)...
✓ Completado! 1000 criptos procesadas
Iniciando actualización (4 páginas)...
✓ Completado! 1000 criptos procesadas
Iniciando actualización (4 páginas)...
✓ Completado! 1000 criptos procesadas
Iniciando actualización (4 páginas)...
✓ Completado! 1000 criptos procesadas
Iniciando actualización (4 páginas)...
✓ Completado! 1000 criptos procesadas
Iniciando actualización (4 páginas)...
✓ Completado! 1000 criptos procesadas
Iniciando actualización (4 páginas)...
✓ Completado! 1000 criptos procesadas
Iniciando actualización (4 páginas)...
✓ Completado! 1000 criptos procesadas
Iniciando actualización (4 páginas)...
✓ Completado! 1000 criptos procesadas
Iniciando actualización (4 páginas)...
✓ Completado! 1000 criptos procesadas
Iniciando actualización (4 páginas)...
✓ Completado! 1000 criptos procesadas
Iniciando actualización (4 páginas)...
✓ Completado! 1000 criptos procesadas
Iniciando actualización (4 páginas)...
Error de conexión en página 4: 429 Client Error: Too Many Requests for url: https://api.coingecko.com/api/v3/coins/markets?vs_currency=usd&order=market_cap_desc&per_page=250&page=4&sparkline=false
✓ Completado! 750 criptos procesadas
Iniciando actualización (4 páginas)...
Error de conexión en página 1: 429 Client Error: Too Many Requests for url: https://api.coingecko.com/api/v3/coins/markets?vs_currency=usd&order=market_cap_desc&per_page=250&page=1&sparkline=false
Error de conexión en página 2: 429 Client Error: Too Many Requests for url: https://api.coingecko.com/api/v3/coins/markets?vs_currency=usd&order=market_cap_desc&per_page=250&page=2&sparkline=false
Error de conexión en página 4: 429 Client Error: Too Many Requests for url: https://api.coingecko.com/api/v3/coins/markets?vs_currency=usd&order=market_cap_desc&per_page=250&page=4&sparkline=false
✓ Completado! 250 criptos procesadas
Traceback (most recent call last):
  File "/home/yerlli/Desktop/SaucerBasic/manage.py", line 22, in <module>
    main()
  File "/home/yerlli/Desktop/SaucerBasic/manage.py", line 18, in main
    execute_from_command_line(sys.argv)
  File "/home/yerlli/Desktop/SaucerBasic/env/lib/python3.11/site-packages/django/core/management/__init__.py", line 442, in execute_from_command_line
    utility.execute()
  File "/home/yerlli/Desktop/SaucerBasic/env/lib/python3.11/site-packages/django/core/management/__init__.py", line 436, in execute
    self.fetch_command(subcommand).run_from_argv(self.argv)
  File "/home/yerlli/Desktop/SaucerBasic/env/lib/python3.11/site-packages/django/core/management/base.py", line 416, in run_from_argv
    self.execute(*args, **cmd_options)
  File "/home/yerlli/Desktop/SaucerBasic/env/lib/python3.11/site-packages/django/core/management/base.py", line 457, in execute
    self.check(**check_kwargs)
  File "/home/yerlli/Desktop/SaucerBasic/env/lib/python3.11/site-packages/django/core/management/base.py", line 492, in check
    all_issues = checks.run_checks(
                 ^^^^^^^^^^^^^^^^^^
  File "/home/yerlli/Desktop/SaucerBasic/env/lib/python3.11/site-packages/django/core/checks/registry.py", line 89, in run_checks
    new_errors = check(app_configs=app_configs, databases=databases)
                 ^^^^^^^^^^^^^^^^^^^^^^^^^^^^^^^^^^^^^^^^^^^^^^^^^^^
  File "/home/yerlli/Desktop/SaucerBasic/env/lib/python3.11/site-packages/django/core/checks/urls.py", line 16, in check_url_config
    return check_resolver(resolver)
           ^^^^^^^^^^^^^^^^^^^^^^^^
  File "/home/yerlli/Desktop/SaucerBasic/env/lib/python3.11/site-packages/django/core/checks/urls.py", line 26, in check_resolver
    return check_method()
           ^^^^^^^^^^^^^^
  File "/home/yerlli/Desktop/SaucerBasic/env/lib/python3.11/site-packages/django/urls/resolvers.py", line 531, in check
    for pattern in self.url_patterns:
                   ^^^^^^^^^^^^^^^^^
  File "/home/yerlli/Desktop/SaucerBasic/env/lib/python3.11/site-packages/django/utils/functional.py", line 47, in __get__
    res = instance.__dict__[self.name] = self.func(instance)
                                         ^^^^^^^^^^^^^^^^^^^
  File "/home/yerlli/Desktop/SaucerBasic/env/lib/python3.11/site-packages/django/urls/resolvers.py", line 718, in url_patterns
    patterns = getattr(self.urlconf_module, "urlpatterns", self.urlconf_module)
                       ^^^^^^^^^^^^^^^^^^^
  File "/home/yerlli/Desktop/SaucerBasic/env/lib/python3.11/site-packages/django/utils/functional.py", line 47, in __get__
    res = instance.__dict__[self.name] = self.func(instance)
                                         ^^^^^^^^^^^^^^^^^^^
  File "/home/yerlli/Desktop/SaucerBasic/env/lib/python3.11/site-packages/django/urls/resolvers.py", line 711, in urlconf_module
    return import_module(self.urlconf_name)
           ^^^^^^^^^^^^^^^^^^^^^^^^^^^^^^^^
  File "/usr/lib/python3.11/importlib/__init__.py", line 126, in import_module
    return _bootstrap._gcd_import(name[level:], package, level)
           ^^^^^^^^^^^^^^^^^^^^^^^^^^^^^^^^^^^^^^^^^^^^^^^^^^^^
  File "<frozen importlib._bootstrap>", line 1206, in _gcd_import
  File "<frozen importlib._bootstrap>", line 1178, in _find_and_load
  File "<frozen importlib._bootstrap>", line 1149, in _find_and_load_unlocked
  File "<frozen importlib._bootstrap>", line 690, in _load_unlocked
  File "<frozen importlib._bootstrap_external>", line 940, in exec_module
  File "<frozen importlib._bootstrap>", line 241, in _call_with_frames_removed
  File "/home/yerlli/Desktop/SaucerBasic/saucer/urls.py", line 23, in <module>
    path('', include('portafolioCripto.urls')),
             ^^^^^^^^^^^^^^^^^^^^^^^^^^^^^^^^
  File "/home/yerlli/Desktop/SaucerBasic/env/lib/python3.11/site-packages/django/urls/conf.py", line 39, in include
    urlconf_module = import_module(urlconf_module)
                     ^^^^^^^^^^^^^^^^^^^^^^^^^^^^^
  File "/usr/lib/python3.11/importlib/__init__.py", line 126, in import_module
    return _bootstrap._gcd_import(name[level:], package, level)
           ^^^^^^^^^^^^^^^^^^^^^^^^^^^^^^^^^^^^^^^^^^^^^^^^^^^^
  File "<frozen importlib._bootstrap>", line 1206, in _gcd_import
  File "<frozen importlib._bootstrap>", line 1178, in _find_and_load
  File "<frozen importlib._bootstrap>", line 1149, in _find_and_load_unlocked
  File "<frozen importlib._bootstrap>", line 690, in _load_unlocked
  File "<frozen importlib._bootstrap_external>", line 940, in exec_module
  File "<frozen importlib._bootstrap>", line 241, in _call_with_frames_removed
  File "/home/yerlli/Desktop/SaucerBasic/portafolioCripto/urls.py", line 8, in <module>
    path('', views.wallet, name='wallet'),
             ^^^^^^^^^^^^
AttributeError: module 'portafolioCripto.views' has no attribute 'wallet'
Iniciando actualización (4 páginas)...
✓ Completado! 1000 criptos procesadas
Iniciando actualización (4 páginas)...
✓ Completado! 1000 criptos procesadas
Iniciando actualización (4 páginas)...
✓ Completado! 1000 criptos procesadas
Iniciando actualización (4 páginas)...
✓ Completado! 1000 criptos procesadas
Iniciando actualización (4 páginas)...
✓ Completado! 1000 criptos procesadas
Iniciando actualización (4 páginas)...
✓ Completado! 1000 criptos procesadas
Iniciando actualización (4 páginas)...
✓ Completado! 1000 criptos procesadas
Iniciando actualización (4 páginas)...
✓ Completado! 1000 criptos procesadas
Iniciando actualización (4 páginas)...
✓ Completado! 1000 criptos procesadas
Iniciando actualización (4 páginas)...
✓ Completado! 1000 criptos procesadas
Iniciando actualización (4 páginas)...
✓ Completado! 1000 criptos procesadas
Iniciando actualización (4 páginas)...
✓ Completado! 1000 criptos procesadas
Iniciando actualización (4 páginas)...
✓ Completado! 1000 criptos procesadas
Iniciando actualización (4 páginas)...
✓ Completado! 1000 criptos procesadas
Iniciando actualización (4 páginas)...
✓ Completado! 1000 criptos procesadas
Iniciando actualización (4 páginas)...
✓ Completado! 1000 criptos procesadas
Iniciando actualización (4 páginas)...
✓ Completado! 1000 criptos procesadas
Iniciando actualización (4 páginas)...
✓ Completado! 1000 criptos procesadas
Iniciando actualización (4 páginas)...
✓ Completado! 1000 criptos procesadas
Iniciando actualización (4 páginas)...
✓ Completado! 1000 criptos procesadas
Iniciando actualización (4 páginas)...
✓ Completado! 1000 criptos procesadas
Iniciando actualización (4 páginas)...
✓ Completado! 1000 criptos procesadas
Iniciando actualización (4 páginas)...
✓ Completado! 1000 criptos procesadas
Iniciando actualización (4 páginas)...
✓ Completado! 1000 criptos procesadas
Iniciando actualización (4 páginas)...
✓ Completado! 1000 criptos procesadas
Iniciando actualización (4 páginas)...
✓ Completado! 1000 criptos procesadas
Iniciando actualización (4 páginas)...
✓ Completado! 1000 criptos procesadas
System check identified some issues:

WARNINGS:
?: (urls.W002) Your URL pattern '/login' [name='login'] has a route beginning with a '/'. Remove this slash as it is unnecessary. If this pattern is targeted in an include(), ensure the include() pattern has a trailing '/'.
?: (urls.W002) Your URL pattern '/wallet' [name='wallet'] has a route beginning with a '/'. Remove this slash as it is unnecessary. If this pattern is targeted in an include(), ensure the include() pattern has a trailing '/'.
Iniciando actualización (4 páginas)...
✓ Completado! 1000 criptos procesadas
Iniciando actualización (4 páginas)...
✓ Completado! 1000 criptos procesadas
Iniciando actualización (4 páginas)...
✓ Completado! 1000 criptos procesadas
Iniciando actualización (4 páginas)...
✓ Completado! 1000 criptos procesadas
Iniciando actualización (4 páginas)...
✓ Completado! 1000 criptos procesadas
Iniciando actualización (4 páginas)...
Error de conexión en página 4: 429 Client Error: Too Many Requests for url: https://api.coingecko.com/api/v3/coins/markets?vs_currency=usd&order=market_cap_desc&per_page=250&page=4&sparkline=false
✓ Completado! 750 criptos procesadas
Iniciando actualización (4 páginas)...
✓ Completado! 1000 criptos procesadas
Iniciando actualización (4 páginas)...
✓ Completado! 1000 criptos procesadas
